mode: set
github.com/dcaponi/soccer-league-2020/ranker/outcome.go:14.38,14.55 1 1
github.com/dcaponi/soccer-league-2020/ranker/outcome.go:15.38,15.65 1 1
github.com/dcaponi/soccer-league-2020/ranker/outcome.go:16.38,16.72 1 1
github.com/dcaponi/soccer-league-2020/ranker/outcome.go:20.32,20.49 1 1
github.com/dcaponi/soccer-league-2020/ranker/outcome.go:21.32,21.59 1 1
github.com/dcaponi/soccer-league-2020/ranker/outcome.go:22.37,24.2 1 1
github.com/dcaponi/soccer-league-2020/ranker/ranker.go:17.53,23.16 4 1
github.com/dcaponi/soccer-league-2020/ranker/ranker.go:43.2,45.31 3 1
github.com/dcaponi/soccer-league-2020/ranker/ranker.go:49.2,49.17 1 1
github.com/dcaponi/soccer-league-2020/ranker/ranker.go:23.16,32.30 6 1
github.com/dcaponi/soccer-league-2020/ranker/ranker.go:32.30,35.4 2 1
github.com/dcaponi/soccer-league-2020/ranker/ranker.go:35.9,35.37 1 1
github.com/dcaponi/soccer-league-2020/ranker/ranker.go:35.37,38.4 2 1
github.com/dcaponi/soccer-league-2020/ranker/ranker.go:38.9,38.38 1 1
github.com/dcaponi/soccer-league-2020/ranker/ranker.go:38.38,41.4 2 1
github.com/dcaponi/soccer-league-2020/ranker/ranker.go:45.31,48.3 2 1
github.com/dcaponi/soccer-league-2020/ranker/ranker.go:58.34,63.19 4 1
github.com/dcaponi/soccer-league-2020/ranker/ranker.go:104.2,104.11 1 1
github.com/dcaponi/soccer-league-2020/ranker/ranker.go:63.19,67.55 3 1
github.com/dcaponi/soccer-league-2020/ranker/ranker.go:67.55,71.53 2 1
github.com/dcaponi/soccer-league-2020/ranker/ranker.go:77.4,81.18 3 1
github.com/dcaponi/soccer-league-2020/ranker/ranker.go:87.4,88.62 2 1
github.com/dcaponi/soccer-league-2020/ranker/ranker.go:98.4,98.9 1 1
github.com/dcaponi/soccer-league-2020/ranker/ranker.go:71.53,74.5 2 1
github.com/dcaponi/soccer-league-2020/ranker/ranker.go:81.18,86.5 4 1
github.com/dcaponi/soccer-league-2020/ranker/ranker.go:88.62,93.30 3 1
github.com/dcaponi/soccer-league-2020/ranker/ranker.go:93.30,96.6 2 1
github.com/dcaponi/soccer-league-2020/ranker/ranker.go:100.9,102.4 1 1
